--- CONFLICT DETECTED on 2025-07-10 09:27:48 ---

File: test/validationsForm.js
----------------------------------------
diff --cc test/validationsForm.js
index 2d55e1a,8b9c22d..0000000
--- a/test/validationsForm.js
+++ b/test/validationsForm.js
@@@ -1,5 -1,5 +1,13 @@@
++<<<<<<< HEAD
 +import { z } from 'z/v4';
 +export const UserSchema = z.object({
 +    lastname: z.string(),
 +    name: z.string().trim()
 +}) 
++=======
+ 
+ import { z } from 'z/v4';
+ export const UserSchema = z.object({
+     name: z.string().trim()
 -}) 
++}) 
++>>>>>>> c3d4661 (Conflict testing)
----------------------------------------

---

